<?xml version="1.0" encoding="UTF-8"?>
<!-- Generated by org.testng.reporters.JUnitXMLReporter -->
<testsuite hostname="T460" ignored="0" name="Testing On Chrome" tests="3" failures="0" timestamp="29 Mar 2020 11:04:08 GMT" time="164.644" errors="0">
  <testcase name="signInTest" time="15.998" classname="tests.HFTests"/>
  <testcase name="logInTest" time="5.79" classname="tests.HFTests"/>
  <testcase name="checkoutTest" time="24.791" classname="tests.HFTests"/>
</testsuite> <!-- Testing On Chrome -->
