<?xml version="1.0" encoding="UTF-8"?>
<!-- Generated by org.testng.reporters.JUnitXMLReporter -->
<testsuite hostname="T460" ignored="0" name="Testing On Firefox" tests="3" failures="0" timestamp="29 Mar 2020 11:04:01 GMT" time="157.602" errors="0">
  <testcase name="signInTest" time="22.139" classname="tests.HFTests"/>
  <testcase name="logInTest" time="7.688" classname="tests.HFTests"/>
  <testcase name="checkoutTest" time="27.313" classname="tests.HFTests"/>
</testsuite> <!-- Testing On Firefox -->
